<?xml version="1.0" encoding="UTF-8"?>
<!-- Generated by org.testng.reporters.JUnitReportReporter -->
<testsuite hostname="pc1" failures="0" tests="1" name="com.atc.qa.testcase.Loginpagetest" time="48.089" errors="0" timestamp="02 Feb 2021 15:46:38 GMT" skipped="0">
  <testcase classname="com.atc.qa.testcase.Loginpagetest" name="verifyloginOpertation" time="48.089"/>
</testsuite> <!-- com.atc.qa.testcase.Loginpagetest -->
