<?xml version="1.0" encoding="UTF-8"?>
<!-- Generated by org.testng.reporters.JUnitReportReporter -->
<testsuite hostname="pc1" failures="0" tests="1" name="com.atc.qa.testcase.HomepageTest" time="52.320" errors="0" timestamp="02 Feb 2021 16:37:32 GMT" skipped="0">
  <testcase classname="com.atc.qa.testcase.HomepageTest" name="VerifyuserloginAndNaigatetomyaddress" time="52.320"/>
</testsuite> <!-- com.atc.qa.testcase.HomepageTest -->
