<?xml version="1.0" encoding="UTF-8"?>
<!-- Generated by org.testng.reporters.JUnitReportReporter -->
<testsuite hostname="pc1" failures="0" tests="1" name="com.atc.qa.testcase.myaddresspagetest" time="64.476" errors="0" timestamp="02 Feb 2021 17:24:31 GMT" skipped="0">
  <testcase classname="com.atc.qa.testcase.myaddresspagetest" name="AddNewAddressAndSave" time="64.476"/>
</testsuite> <!-- com.atc.qa.testcase.myaddresspagetest -->
