<?xml version="1.0" encoding="UTF-8"?>
<!-- Generated by org.testng.reporters.JUnitReportReporter -->
<testsuite hostname="pc1" failures="0" tests="1" name="com.atc.qa.testcase.womendresspagetest" time="94.103" errors="0" timestamp="03 Feb 2021 18:30:43 GMT" skipped="0">
  <testcase classname="com.atc.qa.testcase.womendresspagetest" name="verifyWoemendressAndaddIntoCart" time="94.103"/>
</testsuite> <!-- com.atc.qa.testcase.womendresspagetest -->
